[2021-07-05 12:06:53] local.ERROR: Uncaught Error: Call to a member function getRoutes() on array in Command line code:1
Stack trace:
#0 {main}
  thrown {"exception":"[object] (Symfony\\Component\\ErrorHandler\\Error\\FatalError(code: 0): Uncaught Error: Call to a member function getRoutes() on array in Command line code:1
Stack trace:
#0 {main}
  thrown at Command line code:1)
[stacktrace]
#0 {main}
"} 
[2021-07-05 12:06:53] local.ERROR: Uncaught Illuminate\Contracts\Container\BindingResolutionException: Target [Illuminate\Contracts\Http\Kernel] is not instantiable. in /Applications/XAMPP/xamppfiles/htdocs/job-folder/akbar-skripsi/rest-api/vendor/illuminate/container/Container.php:1089
Stack trace:
#0 /Applications/XAMPP/xamppfiles/htdocs/job-folder/akbar-skripsi/rest-api/vendor/illuminate/container/Container.php(882): Illuminate\Container\Container->notInstantiable('Illuminate\\Cont...')
#1 /Applications/XAMPP/xamppfiles/htdocs/job-folder/akbar-skripsi/rest-api/vendor/illuminate/container/Container.php(754): Illuminate\Container\Container->build('Illuminate\\Cont...')
#2 /Applications/XAMPP/xamppfiles/htdocs/job-folder/akbar-skripsi/rest-api/vendor/illuminate/container/Container.php(692): Illuminate\Container\Container->resolve('Illuminate\\Cont...', Array)
#3 /Applications/XAMPP/xamppfiles/htdocs/job-folder/akbar-skripsi/rest-api/vendor/laravel/lumen-framework/src/Application.php(300): Illuminate\Container\Container->make('Illuminate\\Cont. {"exception":"[object] (Symfony\\Component\\ErrorHandler\\Error\\FatalError(code: 0): Uncaught Illuminate\\Contracts\\Container\\BindingResolutionException: Target [Illuminate\\Contracts\\Http\\Kernel] is not instantiable. in /Applications/XAMPP/xamppfiles/htdocs/job-folder/akbar-skripsi/rest-api/vendor/illuminate/container/Container.php:1089
Stack trace:
#0 /Applications/XAMPP/xamppfiles/htdocs/job-folder/akbar-skripsi/rest-api/vendor/illuminate/container/Container.php(882): Illuminate\\Container\\Container->notInstantiable('Illuminate\\\\Cont...')
#1 /Applications/XAMPP/xamppfiles/htdocs/job-folder/akbar-skripsi/rest-api/vendor/illuminate/container/Container.php(754): Illuminate\\Container\\Container->build('Illuminate\\\\Cont...')
#2 /Applications/XAMPP/xamppfiles/htdocs/job-folder/akbar-skripsi/rest-api/vendor/illuminate/container/Container.php(692): Illuminate\\Container\\Container->resolve('Illuminate\\\\Cont...', Array)
#3 /Applications/XAMPP/xamppfiles/htdocs/job-folder/akbar-skripsi/rest-api/vendor/laravel/lumen-framework/src/Application.php(300): Illuminate\\Container\\Container->make('Illuminate\\\\Cont. at /Applications/XAMPP/xamppfiles/htdocs/job-folder/akbar-skripsi/rest-api/vendor/illuminate/container/Container.php:1089)
[stacktrace]
#0 {main}
"} 
[2021-07-05 12:06:53] local.ERROR: Uncaught Illuminate\Contracts\Container\BindingResolutionException: Unresolvable dependency resolving [Parameter #1 [ <required> $cachePath ]] in class Illuminate\View\Compilers\Compiler in /Applications/XAMPP/xamppfiles/htdocs/job-folder/akbar-skripsi/rest-api/vendor/illuminate/container/Container.php:1104
Stack trace:
#0 /Applications/XAMPP/xamppfiles/htdocs/job-folder/akbar-skripsi/rest-api/vendor/illuminate/container/Container.php(1011): Illuminate\Container\Container->unresolvablePrimitive(Object(ReflectionParameter))
#1 /Applications/XAMPP/xamppfiles/htdocs/job-folder/akbar-skripsi/rest-api/vendor/illuminate/container/Container.php(946): Illuminate\Container\Container->resolvePrimitive(Object(ReflectionParameter))
#2 /Applications/XAMPP/xamppfiles/htdocs/job-folder/akbar-skripsi/rest-api/vendor/illuminate/container/Container.php(908): Illuminate\Container\Container->resolveDependencies(Array)
#3 /Applications/XAMPP/xamppfiles/htdocs/job-folder/akbar-skripsi/rest-api/vendor/illuminate/container/Container {"exception":"[object] (Symfony\\Component\\ErrorHandler\\Error\\FatalError(code: 0): Uncaught Illuminate\\Contracts\\Container\\BindingResolutionException: Unresolvable dependency resolving [Parameter #1 [ <required> $cachePath ]] in class Illuminate\\View\\Compilers\\Compiler in /Applications/XAMPP/xamppfiles/htdocs/job-folder/akbar-skripsi/rest-api/vendor/illuminate/container/Container.php:1104
Stack trace:
#0 /Applications/XAMPP/xamppfiles/htdocs/job-folder/akbar-skripsi/rest-api/vendor/illuminate/container/Container.php(1011): Illuminate\\Container\\Container->unresolvablePrimitive(Object(ReflectionParameter))
#1 /Applications/XAMPP/xamppfiles/htdocs/job-folder/akbar-skripsi/rest-api/vendor/illuminate/container/Container.php(946): Illuminate\\Container\\Container->resolvePrimitive(Object(ReflectionParameter))
#2 /Applications/XAMPP/xamppfiles/htdocs/job-folder/akbar-skripsi/rest-api/vendor/illuminate/container/Container.php(908): Illuminate\\Container\\Container->resolveDependencies(Array)
#3 /Applications/XAMPP/xamppfiles/htdocs/job-folder/akbar-skripsi/rest-api/vendor/illuminate/container/Container at /Applications/XAMPP/xamppfiles/htdocs/job-folder/akbar-skripsi/rest-api/vendor/illuminate/container/Container.php:1104)
[stacktrace]
#0 {main}
"} 
[2021-07-05 12:06:53] local.ERROR: Uncaught Error: Call to undefined function app_path() in Command line code:1
Stack trace:
#0 {main}
  thrown {"exception":"[object] (Symfony\\Component\\ErrorHandler\\Error\\FatalError(code: 0): Uncaught Error: Call to undefined function app_path() in Command line code:1
Stack trace:
#0 {main}
  thrown at Command line code:1)
[stacktrace]
#0 {main}
"} 
[2021-07-05 12:07:53] local.ERROR: Uncaught Error: Call to undefined function app_path() in Command line code:1
Stack trace:
#0 {main}
  thrown {"exception":"[object] (Symfony\\Component\\ErrorHandler\\Error\\FatalError(code: 0): Uncaught Error: Call to undefined function app_path() in Command line code:1
Stack trace:
#0 {main}
  thrown at Command line code:1)
[stacktrace]
#0 {main}
"} 
[2021-07-05 12:08:53] local.ERROR: Uncaught Error: Call to undefined function app_path() in Command line code:1
Stack trace:
#0 {main}
  thrown {"exception":"[object] (Symfony\\Component\\ErrorHandler\\Error\\FatalError(code: 0): Uncaught Error: Call to undefined function app_path() in Command line code:1
Stack trace:
#0 {main}
  thrown at Command line code:1)
[stacktrace]
#0 {main}
"} 
[2021-07-05 12:09:54] local.ERROR: Uncaught Error: Call to undefined function app_path() in Command line code:1
Stack trace:
#0 {main}
  thrown {"exception":"[object] (Symfony\\Component\\ErrorHandler\\Error\\FatalError(code: 0): Uncaught Error: Call to undefined function app_path() in Command line code:1
Stack trace:
#0 {main}
  thrown at Command line code:1)
[stacktrace]
#0 {main}
"} 
[2021-07-05 12:10:52] local.ERROR: Uncaught Error: Call to undefined function app_path() in Command line code:1
Stack trace:
#0 {main}
  thrown {"exception":"[object] (Symfony\\Component\\ErrorHandler\\Error\\FatalError(code: 0): Uncaught Error: Call to undefined function app_path() in Command line code:1
Stack trace:
#0 {main}
  thrown at Command line code:1)
[stacktrace]
#0 {main}
"} 
[2021-07-05 12:11:52] local.ERROR: Uncaught Error: Call to undefined function app_path() in Command line code:1
Stack trace:
#0 {main}
  thrown {"exception":"[object] (Symfony\\Component\\ErrorHandler\\Error\\FatalError(code: 0): Uncaught Error: Call to undefined function app_path() in Command line code:1
Stack trace:
#0 {main}
  thrown at Command line code:1)
[stacktrace]
#0 {main}
"} 
[2021-07-05 12:12:52] local.ERROR: Uncaught Error: Call to undefined function app_path() in Command line code:1
Stack trace:
#0 {main}
  thrown {"exception":"[object] (Symfony\\Component\\ErrorHandler\\Error\\FatalError(code: 0): Uncaught Error: Call to undefined function app_path() in Command line code:1
Stack trace:
#0 {main}
  thrown at Command line code:1)
[stacktrace]
#0 {main}
"} 
[2021-07-05 12:13:52] local.ERROR: Uncaught Error: Call to undefined function app_path() in Command line code:1
Stack trace:
#0 {main}
  thrown {"exception":"[object] (Symfony\\Component\\ErrorHandler\\Error\\FatalError(code: 0): Uncaught Error: Call to undefined function app_path() in Command line code:1
Stack trace:
#0 {main}
  thrown at Command line code:1)
[stacktrace]
#0 {main}
"} 
[2021-07-05 12:14:52] local.ERROR: Uncaught Error: Call to undefined function app_path() in Command line code:1
Stack trace:
#0 {main}
  thrown {"exception":"[object] (Symfony\\Component\\ErrorHandler\\Error\\FatalError(code: 0): Uncaught Error: Call to undefined function app_path() in Command line code:1
Stack trace:
#0 {main}
  thrown at Command line code:1)
[stacktrace]
#0 {main}
"} 
[2021-07-05 12:15:52] local.ERROR: Uncaught Error: Call to undefined function app_path() in Command line code:1
Stack trace:
#0 {main}
  thrown {"exception":"[object] (Symfony\\Component\\ErrorHandler\\Error\\FatalError(code: 0): Uncaught Error: Call to undefined function app_path() in Command line code:1
Stack trace:
#0 {main}
  thrown at Command line code:1)
[stacktrace]
#0 {main}
"} 
[2021-07-05 12:16:53] local.ERROR: Uncaught Illuminate\Contracts\Container\BindingResolutionException: Unresolvable dependency resolving [Parameter #1 [ <required> $cachePath ]] in class Illuminate\View\Compilers\Compiler in /Applications/XAMPP/xamppfiles/htdocs/job-folder/akbar-skripsi/rest-api/vendor/illuminate/container/Container.php:1104
Stack trace:
#0 /Applications/XAMPP/xamppfiles/htdocs/job-folder/akbar-skripsi/rest-api/vendor/illuminate/container/Container.php(1011): Illuminate\Container\Container->unresolvablePrimitive(Object(ReflectionParameter))
#1 /Applications/XAMPP/xamppfiles/htdocs/job-folder/akbar-skripsi/rest-api/vendor/illuminate/container/Container.php(946): Illuminate\Container\Container->resolvePrimitive(Object(ReflectionParameter))
#2 /Applications/XAMPP/xamppfiles/htdocs/job-folder/akbar-skripsi/rest-api/vendor/illuminate/container/Container.php(908): Illuminate\Container\Container->resolveDependencies(Array)
#3 /Applications/XAMPP/xamppfiles/htdocs/job-folder/akbar-skripsi/rest-api/vendor/illuminate/container/Container {"exception":"[object] (Symfony\\Component\\ErrorHandler\\Error\\FatalError(code: 0): Uncaught Illuminate\\Contracts\\Container\\BindingResolutionException: Unresolvable dependency resolving [Parameter #1 [ <required> $cachePath ]] in class Illuminate\\View\\Compilers\\Compiler in /Applications/XAMPP/xamppfiles/htdocs/job-folder/akbar-skripsi/rest-api/vendor/illuminate/container/Container.php:1104
Stack trace:
#0 /Applications/XAMPP/xamppfiles/htdocs/job-folder/akbar-skripsi/rest-api/vendor/illuminate/container/Container.php(1011): Illuminate\\Container\\Container->unresolvablePrimitive(Object(ReflectionParameter))
#1 /Applications/XAMPP/xamppfiles/htdocs/job-folder/akbar-skripsi/rest-api/vendor/illuminate/container/Container.php(946): Illuminate\\Container\\Container->resolvePrimitive(Object(ReflectionParameter))
#2 /Applications/XAMPP/xamppfiles/htdocs/job-folder/akbar-skripsi/rest-api/vendor/illuminate/container/Container.php(908): Illuminate\\Container\\Container->resolveDependencies(Array)
#3 /Applications/XAMPP/xamppfiles/htdocs/job-folder/akbar-skripsi/rest-api/vendor/illuminate/container/Container at /Applications/XAMPP/xamppfiles/htdocs/job-folder/akbar-skripsi/rest-api/vendor/illuminate/container/Container.php:1104)
[stacktrace]
#0 {main}
"} 
[2021-07-05 12:16:54] local.ERROR: Uncaught Error: Call to undefined function app_path() in Command line code:1
Stack trace:
#0 {main}
  thrown {"exception":"[object] (Symfony\\Component\\ErrorHandler\\Error\\FatalError(code: 0): Uncaught Error: Call to undefined function app_path() in Command line code:1
Stack trace:
#0 {main}
  thrown at Command line code:1)
[stacktrace]
#0 {main}
"} 
[2021-07-05 12:17:54] local.ERROR: Uncaught Error: Call to undefined function app_path() in Command line code:1
Stack trace:
#0 {main}
  thrown {"exception":"[object] (Symfony\\Component\\ErrorHandler\\Error\\FatalError(code: 0): Uncaught Error: Call to undefined function app_path() in Command line code:1
Stack trace:
#0 {main}
  thrown at Command line code:1)
[stacktrace]
#0 {main}
"} 
[2021-07-05 12:18:52] local.ERROR: Uncaught Error: Call to undefined function app_path() in Command line code:1
Stack trace:
#0 {main}
  thrown {"exception":"[object] (Symfony\\Component\\ErrorHandler\\Error\\FatalError(code: 0): Uncaught Error: Call to undefined function app_path() in Command line code:1
Stack trace:
#0 {main}
  thrown at Command line code:1)
[stacktrace]
#0 {main}
"} 
[2021-07-05 12:19:52] local.ERROR: Uncaught Error: Call to undefined function app_path() in Command line code:1
Stack trace:
#0 {main}
  thrown {"exception":"[object] (Symfony\\Component\\ErrorHandler\\Error\\FatalError(code: 0): Uncaught Error: Call to undefined function app_path() in Command line code:1
Stack trace:
#0 {main}
  thrown at Command line code:1)
[stacktrace]
#0 {main}
"} 
[2021-07-05 12:20:52] local.ERROR: Uncaught Error: Call to undefined function app_path() in Command line code:1
Stack trace:
#0 {main}
  thrown {"exception":"[object] (Symfony\\Component\\ErrorHandler\\Error\\FatalError(code: 0): Uncaught Error: Call to undefined function app_path() in Command line code:1
Stack trace:
#0 {main}
  thrown at Command line code:1)
[stacktrace]
#0 {main}
"} 
[2021-07-05 12:21:52] local.ERROR: Uncaught Error: Call to undefined function app_path() in Command line code:1
Stack trace:
#0 {main}
  thrown {"exception":"[object] (Symfony\\Component\\ErrorHandler\\Error\\FatalError(code: 0): Uncaught Error: Call to undefined function app_path() in Command line code:1
Stack trace:
#0 {main}
  thrown at Command line code:1)
[stacktrace]
#0 {main}
"} 
[2021-07-05 12:22:52] local.ERROR: Uncaught Error: Call to undefined function app_path() in Command line code:1
Stack trace:
#0 {main}
  thrown {"exception":"[object] (Symfony\\Component\\ErrorHandler\\Error\\FatalError(code: 0): Uncaught Error: Call to undefined function app_path() in Command line code:1
Stack trace:
#0 {main}
  thrown at Command line code:1)
[stacktrace]
#0 {main}
"} 
[2021-07-05 12:23:52] local.ERROR: Uncaught Error: Call to undefined function app_path() in Command line code:1
Stack trace:
#0 {main}
  thrown {"exception":"[object] (Symfony\\Component\\ErrorHandler\\Error\\FatalError(code: 0): Uncaught Error: Call to undefined function app_path() in Command line code:1
Stack trace:
#0 {main}
  thrown at Command line code:1)
[stacktrace]
#0 {main}
"} 
[2021-07-05 12:24:52] local.ERROR: Uncaught Error: Call to undefined function app_path() in Command line code:1
Stack trace:
#0 {main}
  thrown {"exception":"[object] (Symfony\\Component\\ErrorHandler\\Error\\FatalError(code: 0): Uncaught Error: Call to undefined function app_path() in Command line code:1
Stack trace:
#0 {main}
  thrown at Command line code:1)
[stacktrace]
#0 {main}
"} 
[2021-07-05 12:25:52] local.ERROR: Uncaught Error: Call to undefined function app_path() in Command line code:1
Stack trace:
#0 {main}
  thrown {"exception":"[object] (Symfony\\Component\\ErrorHandler\\Error\\FatalError(code: 0): Uncaught Error: Call to undefined function app_path() in Command line code:1
Stack trace:
#0 {main}
  thrown at Command line code:1)
[stacktrace]
#0 {main}
"} 
[2021-07-05 12:26:52] local.ERROR: Uncaught Illuminate\Contracts\Container\BindingResolutionException: Unresolvable dependency resolving [Parameter #1 [ <required> $cachePath ]] in class Illuminate\View\Compilers\Compiler in /Applications/XAMPP/xamppfiles/htdocs/job-folder/akbar-skripsi/rest-api/vendor/illuminate/container/Container.php:1104
Stack trace:
#0 /Applications/XAMPP/xamppfiles/htdocs/job-folder/akbar-skripsi/rest-api/vendor/illuminate/container/Container.php(1011): Illuminate\Container\Container->unresolvablePrimitive(Object(ReflectionParameter))
#1 /Applications/XAMPP/xamppfiles/htdocs/job-folder/akbar-skripsi/rest-api/vendor/illuminate/container/Container.php(946): Illuminate\Container\Container->resolvePrimitive(Object(ReflectionParameter))
#2 /Applications/XAMPP/xamppfiles/htdocs/job-folder/akbar-skripsi/rest-api/vendor/illuminate/container/Container.php(908): Illuminate\Container\Container->resolveDependencies(Array)
#3 /Applications/XAMPP/xamppfiles/htdocs/job-folder/akbar-skripsi/rest-api/vendor/illuminate/container/Container {"exception":"[object] (Symfony\\Component\\ErrorHandler\\Error\\FatalError(code: 0): Uncaught Illuminate\\Contracts\\Container\\BindingResolutionException: Unresolvable dependency resolving [Parameter #1 [ <required> $cachePath ]] in class Illuminate\\View\\Compilers\\Compiler in /Applications/XAMPP/xamppfiles/htdocs/job-folder/akbar-skripsi/rest-api/vendor/illuminate/container/Container.php:1104
Stack trace:
#0 /Applications/XAMPP/xamppfiles/htdocs/job-folder/akbar-skripsi/rest-api/vendor/illuminate/container/Container.php(1011): Illuminate\\Container\\Container->unresolvablePrimitive(Object(ReflectionParameter))
#1 /Applications/XAMPP/xamppfiles/htdocs/job-folder/akbar-skripsi/rest-api/vendor/illuminate/container/Container.php(946): Illuminate\\Container\\Container->resolvePrimitive(Object(ReflectionParameter))
#2 /Applications/XAMPP/xamppfiles/htdocs/job-folder/akbar-skripsi/rest-api/vendor/illuminate/container/Container.php(908): Illuminate\\Container\\Container->resolveDependencies(Array)
#3 /Applications/XAMPP/xamppfiles/htdocs/job-folder/akbar-skripsi/rest-api/vendor/illuminate/container/Container at /Applications/XAMPP/xamppfiles/htdocs/job-folder/akbar-skripsi/rest-api/vendor/illuminate/container/Container.php:1104)
[stacktrace]
#0 {main}
"} 
[2021-07-05 12:26:52] local.ERROR: Uncaught Error: Call to undefined function app_path() in Command line code:1
Stack trace:
#0 {main}
  thrown {"exception":"[object] (Symfony\\Component\\ErrorHandler\\Error\\FatalError(code: 0): Uncaught Error: Call to undefined function app_path() in Command line code:1
Stack trace:
#0 {main}
  thrown at Command line code:1)
[stacktrace]
#0 {main}
"} 
[2021-07-05 12:27:52] local.ERROR: Uncaught Error: Call to undefined function app_path() in Command line code:1
Stack trace:
#0 {main}
  thrown {"exception":"[object] (Symfony\\Component\\ErrorHandler\\Error\\FatalError(code: 0): Uncaught Error: Call to undefined function app_path() in Command line code:1
Stack trace:
#0 {main}
  thrown at Command line code:1)
[stacktrace]
#0 {main}
"} 
[2021-07-05 12:28:53] local.ERROR: Uncaught Error: Call to undefined function app_path() in Command line code:1
Stack trace:
#0 {main}
  thrown {"exception":"[object] (Symfony\\Component\\ErrorHandler\\Error\\FatalError(code: 0): Uncaught Error: Call to undefined function app_path() in Command line code:1
Stack trace:
#0 {main}
  thrown at Command line code:1)
[stacktrace]
#0 {main}
"} 
[2021-07-05 12:29:52] local.ERROR: Uncaught Error: Call to undefined function app_path() in Command line code:1
Stack trace:
#0 {main}
  thrown {"exception":"[object] (Symfony\\Component\\ErrorHandler\\Error\\FatalError(code: 0): Uncaught Error: Call to undefined function app_path() in Command line code:1
Stack trace:
#0 {main}
  thrown at Command line code:1)
[stacktrace]
#0 {main}
"} 
[2021-07-05 12:30:52] local.ERROR: Uncaught Error: Call to undefined function app_path() in Command line code:1
Stack trace:
#0 {main}
  thrown {"exception":"[object] (Symfony\\Component\\ErrorHandler\\Error\\FatalError(code: 0): Uncaught Error: Call to undefined function app_path() in Command line code:1
Stack trace:
#0 {main}
  thrown at Command line code:1)
[stacktrace]
#0 {main}
"} 
[2021-07-05 12:31:52] local.ERROR: Uncaught Error: Call to undefined function app_path() in Command line code:1
Stack trace:
#0 {main}
  thrown {"exception":"[object] (Symfony\\Component\\ErrorHandler\\Error\\FatalError(code: 0): Uncaught Error: Call to undefined function app_path() in Command line code:1
Stack trace:
#0 {main}
  thrown at Command line code:1)
[stacktrace]
#0 {main}
"} 
[2021-07-05 12:32:53] local.ERROR: Uncaught Error: Call to undefined function app_path() in Command line code:1
Stack trace:
#0 {main}
  thrown {"exception":"[object] (Symfony\\Component\\ErrorHandler\\Error\\FatalError(code: 0): Uncaught Error: Call to undefined function app_path() in Command line code:1
Stack trace:
#0 {main}
  thrown at Command line code:1)
[stacktrace]
#0 {main}
"} 
[2021-07-05 12:33:52] local.ERROR: Uncaught Error: Call to undefined function app_path() in Command line code:1
Stack trace:
#0 {main}
  thrown {"exception":"[object] (Symfony\\Component\\ErrorHandler\\Error\\FatalError(code: 0): Uncaught Error: Call to undefined function app_path() in Command line code:1
Stack trace:
#0 {main}
  thrown at Command line code:1)
[stacktrace]
#0 {main}
"} 
[2021-07-05 12:34:52] local.ERROR: Uncaught Error: Call to undefined function app_path() in Command line code:1
Stack trace:
#0 {main}
  thrown {"exception":"[object] (Symfony\\Component\\ErrorHandler\\Error\\FatalError(code: 0): Uncaught Error: Call to undefined function app_path() in Command line code:1
Stack trace:
#0 {main}
  thrown at Command line code:1)
[stacktrace]
#0 {main}
"} 
[2021-07-05 12:35:54] local.ERROR: Uncaught Error: Call to undefined function app_path() in Command line code:1
Stack trace:
#0 {main}
  thrown {"exception":"[object] (Symfony\\Component\\ErrorHandler\\Error\\FatalError(code: 0): Uncaught Error: Call to undefined function app_path() in Command line code:1
Stack trace:
#0 {main}
  thrown at Command line code:1)
[stacktrace]
#0 {main}
"} 
[2021-07-05 12:36:52] local.ERROR: Uncaught Illuminate\Contracts\Container\BindingResolutionException: Unresolvable dependency resolving [Parameter #1 [ <required> $cachePath ]] in class Illuminate\View\Compilers\Compiler in /Applications/XAMPP/xamppfiles/htdocs/job-folder/akbar-skripsi/rest-api/vendor/illuminate/container/Container.php:1104
Stack trace:
#0 /Applications/XAMPP/xamppfiles/htdocs/job-folder/akbar-skripsi/rest-api/vendor/illuminate/container/Container.php(1011): Illuminate\Container\Container->unresolvablePrimitive(Object(ReflectionParameter))
#1 /Applications/XAMPP/xamppfiles/htdocs/job-folder/akbar-skripsi/rest-api/vendor/illuminate/container/Container.php(946): Illuminate\Container\Container->resolvePrimitive(Object(ReflectionParameter))
#2 /Applications/XAMPP/xamppfiles/htdocs/job-folder/akbar-skripsi/rest-api/vendor/illuminate/container/Container.php(908): Illuminate\Container\Container->resolveDependencies(Array)
#3 /Applications/XAMPP/xamppfiles/htdocs/job-folder/akbar-skripsi/rest-api/vendor/illuminate/container/Container {"exception":"[object] (Symfony\\Component\\ErrorHandler\\Error\\FatalError(code: 0): Uncaught Illuminate\\Contracts\\Container\\BindingResolutionException: Unresolvable dependency resolving [Parameter #1 [ <required> $cachePath ]] in class Illuminate\\View\\Compilers\\Compiler in /Applications/XAMPP/xamppfiles/htdocs/job-folder/akbar-skripsi/rest-api/vendor/illuminate/container/Container.php:1104
Stack trace:
#0 /Applications/XAMPP/xamppfiles/htdocs/job-folder/akbar-skripsi/rest-api/vendor/illuminate/container/Container.php(1011): Illuminate\\Container\\Container->unresolvablePrimitive(Object(ReflectionParameter))
#1 /Applications/XAMPP/xamppfiles/htdocs/job-folder/akbar-skripsi/rest-api/vendor/illuminate/container/Container.php(946): Illuminate\\Container\\Container->resolvePrimitive(Object(ReflectionParameter))
#2 /Applications/XAMPP/xamppfiles/htdocs/job-folder/akbar-skripsi/rest-api/vendor/illuminate/container/Container.php(908): Illuminate\\Container\\Container->resolveDependencies(Array)
#3 /Applications/XAMPP/xamppfiles/htdocs/job-folder/akbar-skripsi/rest-api/vendor/illuminate/container/Container at /Applications/XAMPP/xamppfiles/htdocs/job-folder/akbar-skripsi/rest-api/vendor/illuminate/container/Container.php:1104)
[stacktrace]
#0 {main}
"} 
[2021-07-05 12:36:52] local.ERROR: Uncaught Error: Call to undefined function app_path() in Command line code:1
Stack trace:
#0 {main}
  thrown {"exception":"[object] (Symfony\\Component\\ErrorHandler\\Error\\FatalError(code: 0): Uncaught Error: Call to undefined function app_path() in Command line code:1
Stack trace:
#0 {main}
  thrown at Command line code:1)
[stacktrace]
#0 {main}
"} 
[2021-07-05 12:37:52] local.ERROR: Uncaught Error: Call to undefined function app_path() in Command line code:1
Stack trace:
#0 {main}
  thrown {"exception":"[object] (Symfony\\Component\\ErrorHandler\\Error\\FatalError(code: 0): Uncaught Error: Call to undefined function app_path() in Command line code:1
Stack trace:
#0 {main}
  thrown at Command line code:1)
[stacktrace]
#0 {main}
"} 
[2021-07-05 12:38:52] local.ERROR: Uncaught Error: Call to undefined function app_path() in Command line code:1
Stack trace:
#0 {main}
  thrown {"exception":"[object] (Symfony\\Component\\ErrorHandler\\Error\\FatalError(code: 0): Uncaught Error: Call to undefined function app_path() in Command line code:1
Stack trace:
#0 {main}
  thrown at Command line code:1)
[stacktrace]
#0 {main}
"} 
[2021-07-05 12:39:52] local.ERROR: Uncaught Error: Call to undefined function app_path() in Command line code:1
Stack trace:
#0 {main}
  thrown {"exception":"[object] (Symfony\\Component\\ErrorHandler\\Error\\FatalError(code: 0): Uncaught Error: Call to undefined function app_path() in Command line code:1
Stack trace:
#0 {main}
  thrown at Command line code:1)
[stacktrace]
#0 {main}
"} 
[2021-07-05 12:40:52] local.ERROR: Uncaught Error: Call to undefined function app_path() in Command line code:1
Stack trace:
#0 {main}
  thrown {"exception":"[object] (Symfony\\Component\\ErrorHandler\\Error\\FatalError(code: 0): Uncaught Error: Call to undefined function app_path() in Command line code:1
Stack trace:
#0 {main}
  thrown at Command line code:1)
[stacktrace]
#0 {main}
"} 
[2021-07-05 12:41:52] local.ERROR: Uncaught Error: Call to undefined function app_path() in Command line code:1
Stack trace:
#0 {main}
  thrown {"exception":"[object] (Symfony\\Component\\ErrorHandler\\Error\\FatalError(code: 0): Uncaught Error: Call to undefined function app_path() in Command line code:1
Stack trace:
#0 {main}
  thrown at Command line code:1)
[stacktrace]
#0 {main}
"} 
[2021-07-05 12:42:52] local.ERROR: Uncaught Error: Call to undefined function app_path() in Command line code:1
Stack trace:
#0 {main}
  thrown {"exception":"[object] (Symfony\\Component\\ErrorHandler\\Error\\FatalError(code: 0): Uncaught Error: Call to undefined function app_path() in Command line code:1
Stack trace:
#0 {main}
  thrown at Command line code:1)
[stacktrace]
#0 {main}
"} 
[2021-07-05 12:43:52] local.ERROR: Uncaught Error: Call to undefined function app_path() in Command line code:1
Stack trace:
#0 {main}
  thrown {"exception":"[object] (Symfony\\Component\\ErrorHandler\\Error\\FatalError(code: 0): Uncaught Error: Call to undefined function app_path() in Command line code:1
Stack trace:
#0 {main}
  thrown at Command line code:1)
[stacktrace]
#0 {main}
"} 
[2021-07-05 12:44:52] local.ERROR: Uncaught Error: Call to undefined function app_path() in Command line code:1
Stack trace:
#0 {main}
  thrown {"exception":"[object] (Symfony\\Component\\ErrorHandler\\Error\\FatalError(code: 0): Uncaught Error: Call to undefined function app_path() in Command line code:1
Stack trace:
#0 {main}
  thrown at Command line code:1)
[stacktrace]
#0 {main}
"} 
[2021-07-05 12:45:52] local.ERROR: Uncaught Error: Call to undefined function app_path() in Command line code:1
Stack trace:
#0 {main}
  thrown {"exception":"[object] (Symfony\\Component\\ErrorHandler\\Error\\FatalError(code: 0): Uncaught Error: Call to undefined function app_path() in Command line code:1
Stack trace:
#0 {main}
  thrown at Command line code:1)
[stacktrace]
#0 {main}
"} 
[2021-07-05 12:46:52] local.ERROR: Uncaught Illuminate\Contracts\Container\BindingResolutionException: Unresolvable dependency resolving [Parameter #1 [ <required> $cachePath ]] in class Illuminate\View\Compilers\Compiler in /Applications/XAMPP/xamppfiles/htdocs/job-folder/akbar-skripsi/rest-api/vendor/illuminate/container/Container.php:1104
Stack trace:
#0 /Applications/XAMPP/xamppfiles/htdocs/job-folder/akbar-skripsi/rest-api/vendor/illuminate/container/Container.php(1011): Illuminate\Container\Container->unresolvablePrimitive(Object(ReflectionParameter))
#1 /Applications/XAMPP/xamppfiles/htdocs/job-folder/akbar-skripsi/rest-api/vendor/illuminate/container/Container.php(946): Illuminate\Container\Container->resolvePrimitive(Object(ReflectionParameter))
#2 /Applications/XAMPP/xamppfiles/htdocs/job-folder/akbar-skripsi/rest-api/vendor/illuminate/container/Container.php(908): Illuminate\Container\Container->resolveDependencies(Array)
#3 /Applications/XAMPP/xamppfiles/htdocs/job-folder/akbar-skripsi/rest-api/vendor/illuminate/container/Container {"exception":"[object] (Symfony\\Component\\ErrorHandler\\Error\\FatalError(code: 0): Uncaught Illuminate\\Contracts\\Container\\BindingResolutionException: Unresolvable dependency resolving [Parameter #1 [ <required> $cachePath ]] in class Illuminate\\View\\Compilers\\Compiler in /Applications/XAMPP/xamppfiles/htdocs/job-folder/akbar-skripsi/rest-api/vendor/illuminate/container/Container.php:1104
Stack trace:
#0 /Applications/XAMPP/xamppfiles/htdocs/job-folder/akbar-skripsi/rest-api/vendor/illuminate/container/Container.php(1011): Illuminate\\Container\\Container->unresolvablePrimitive(Object(ReflectionParameter))
#1 /Applications/XAMPP/xamppfiles/htdocs/job-folder/akbar-skripsi/rest-api/vendor/illuminate/container/Container.php(946): Illuminate\\Container\\Container->resolvePrimitive(Object(ReflectionParameter))
#2 /Applications/XAMPP/xamppfiles/htdocs/job-folder/akbar-skripsi/rest-api/vendor/illuminate/container/Container.php(908): Illuminate\\Container\\Container->resolveDependencies(Array)
#3 /Applications/XAMPP/xamppfiles/htdocs/job-folder/akbar-skripsi/rest-api/vendor/illuminate/container/Container at /Applications/XAMPP/xamppfiles/htdocs/job-folder/akbar-skripsi/rest-api/vendor/illuminate/container/Container.php:1104)
[stacktrace]
#0 {main}
"} 
[2021-07-05 12:46:52] local.ERROR: Uncaught Error: Call to undefined function app_path() in Command line code:1
Stack trace:
#0 {main}
  thrown {"exception":"[object] (Symfony\\Component\\ErrorHandler\\Error\\FatalError(code: 0): Uncaught Error: Call to undefined function app_path() in Command line code:1
Stack trace:
#0 {main}
  thrown at Command line code:1)
[stacktrace]
#0 {main}
"} 
[2021-07-05 12:47:52] local.ERROR: Uncaught Error: Call to undefined function app_path() in Command line code:1
Stack trace:
#0 {main}
  thrown {"exception":"[object] (Symfony\\Component\\ErrorHandler\\Error\\FatalError(code: 0): Uncaught Error: Call to undefined function app_path() in Command line code:1
Stack trace:
#0 {main}
  thrown at Command line code:1)
[stacktrace]
#0 {main}
"} 
[2021-07-05 12:48:52] local.ERROR: Uncaught Error: Call to undefined function app_path() in Command line code:1
Stack trace:
#0 {main}
  thrown {"exception":"[object] (Symfony\\Component\\ErrorHandler\\Error\\FatalError(code: 0): Uncaught Error: Call to undefined function app_path() in Command line code:1
Stack trace:
#0 {main}
  thrown at Command line code:1)
[stacktrace]
#0 {main}
"} 
[2021-07-05 12:49:52] local.ERROR: Uncaught Error: Call to undefined function app_path() in Command line code:1
Stack trace:
#0 {main}
  thrown {"exception":"[object] (Symfony\\Component\\ErrorHandler\\Error\\FatalError(code: 0): Uncaught Error: Call to undefined function app_path() in Command line code:1
Stack trace:
#0 {main}
  thrown at Command line code:1)
[stacktrace]
#0 {main}
"} 
[2021-07-05 12:50:52] local.ERROR: Uncaught Error: Call to undefined function app_path() in Command line code:1
Stack trace:
#0 {main}
  thrown {"exception":"[object] (Symfony\\Component\\ErrorHandler\\Error\\FatalError(code: 0): Uncaught Error: Call to undefined function app_path() in Command line code:1
Stack trace:
#0 {main}
  thrown at Command line code:1)
[stacktrace]
#0 {main}
"} 
[2021-07-05 12:51:53] local.ERROR: Uncaught Error: Call to undefined function app_path() in Command line code:1
Stack trace:
#0 {main}
  thrown {"exception":"[object] (Symfony\\Component\\ErrorHandler\\Error\\FatalError(code: 0): Uncaught Error: Call to undefined function app_path() in Command line code:1
Stack trace:
#0 {main}
  thrown at Command line code:1)
[stacktrace]
#0 {main}
"} 
[2021-07-05 12:52:52] local.ERROR: Uncaught Error: Call to undefined function app_path() in Command line code:1
Stack trace:
#0 {main}
  thrown {"exception":"[object] (Symfony\\Component\\ErrorHandler\\Error\\FatalError(code: 0): Uncaught Error: Call to undefined function app_path() in Command line code:1
Stack trace:
#0 {main}
  thrown at Command line code:1)
[stacktrace]
#0 {main}
"} 
[2021-07-05 12:53:52] local.ERROR: Uncaught Error: Call to undefined function app_path() in Command line code:1
Stack trace:
#0 {main}
  thrown {"exception":"[object] (Symfony\\Component\\ErrorHandler\\Error\\FatalError(code: 0): Uncaught Error: Call to undefined function app_path() in Command line code:1
Stack trace:
#0 {main}
  thrown at Command line code:1)
[stacktrace]
#0 {main}
"} 
[2021-07-05 12:54:53] local.ERROR: Uncaught Error: Call to undefined function app_path() in Command line code:1
Stack trace:
#0 {main}
  thrown {"exception":"[object] (Symfony\\Component\\ErrorHandler\\Error\\FatalError(code: 0): Uncaught Error: Call to undefined function app_path() in Command line code:1
Stack trace:
#0 {main}
  thrown at Command line code:1)
[stacktrace]
#0 {main}
"} 
[2021-07-05 12:55:52] local.ERROR: Uncaught Error: Call to undefined function app_path() in Command line code:1
Stack trace:
#0 {main}
  thrown {"exception":"[object] (Symfony\\Component\\ErrorHandler\\Error\\FatalError(code: 0): Uncaught Error: Call to undefined function app_path() in Command line code:1
Stack trace:
#0 {main}
  thrown at Command line code:1)
[stacktrace]
#0 {main}
"} 
[2021-07-05 12:56:52] local.ERROR: Uncaught Illuminate\Contracts\Container\BindingResolutionException: Unresolvable dependency resolving [Parameter #1 [ <required> $cachePath ]] in class Illuminate\View\Compilers\Compiler in /Applications/XAMPP/xamppfiles/htdocs/job-folder/akbar-skripsi/rest-api/vendor/illuminate/container/Container.php:1104
Stack trace:
#0 /Applications/XAMPP/xamppfiles/htdocs/job-folder/akbar-skripsi/rest-api/vendor/illuminate/container/Container.php(1011): Illuminate\Container\Container->unresolvablePrimitive(Object(ReflectionParameter))
#1 /Applications/XAMPP/xamppfiles/htdocs/job-folder/akbar-skripsi/rest-api/vendor/illuminate/container/Container.php(946): Illuminate\Container\Container->resolvePrimitive(Object(ReflectionParameter))
#2 /Applications/XAMPP/xamppfiles/htdocs/job-folder/akbar-skripsi/rest-api/vendor/illuminate/container/Container.php(908): Illuminate\Container\Container->resolveDependencies(Array)
#3 /Applications/XAMPP/xamppfiles/htdocs/job-folder/akbar-skripsi/rest-api/vendor/illuminate/container/Container {"exception":"[object] (Symfony\\Component\\ErrorHandler\\Error\\FatalError(code: 0): Uncaught Illuminate\\Contracts\\Container\\BindingResolutionException: Unresolvable dependency resolving [Parameter #1 [ <required> $cachePath ]] in class Illuminate\\View\\Compilers\\Compiler in /Applications/XAMPP/xamppfiles/htdocs/job-folder/akbar-skripsi/rest-api/vendor/illuminate/container/Container.php:1104
Stack trace:
#0 /Applications/XAMPP/xamppfiles/htdocs/job-folder/akbar-skripsi/rest-api/vendor/illuminate/container/Container.php(1011): Illuminate\\Container\\Container->unresolvablePrimitive(Object(ReflectionParameter))
#1 /Applications/XAMPP/xamppfiles/htdocs/job-folder/akbar-skripsi/rest-api/vendor/illuminate/container/Container.php(946): Illuminate\\Container\\Container->resolvePrimitive(Object(ReflectionParameter))
#2 /Applications/XAMPP/xamppfiles/htdocs/job-folder/akbar-skripsi/rest-api/vendor/illuminate/container/Container.php(908): Illuminate\\Container\\Container->resolveDependencies(Array)
#3 /Applications/XAMPP/xamppfiles/htdocs/job-folder/akbar-skripsi/rest-api/vendor/illuminate/container/Container at /Applications/XAMPP/xamppfiles/htdocs/job-folder/akbar-skripsi/rest-api/vendor/illuminate/container/Container.php:1104)
[stacktrace]
#0 {main}
"} 
[2021-07-05 12:56:52] local.ERROR: Uncaught Error: Call to undefined function app_path() in Command line code:1
Stack trace:
#0 {main}
  thrown {"exception":"[object] (Symfony\\Component\\ErrorHandler\\Error\\FatalError(code: 0): Uncaught Error: Call to undefined function app_path() in Command line code:1
Stack trace:
#0 {main}
  thrown at Command line code:1)
[stacktrace]
#0 {main}
"} 
[2021-07-05 12:57:53] local.ERROR: Uncaught Error: Call to undefined function app_path() in Command line code:1
Stack trace:
#0 {main}
  thrown {"exception":"[object] (Symfony\\Component\\ErrorHandler\\Error\\FatalError(code: 0): Uncaught Error: Call to undefined function app_path() in Command line code:1
Stack trace:
#0 {main}
  thrown at Command line code:1)
[stacktrace]
#0 {main}
"} 
[2021-07-05 12:58:52] local.ERROR: Uncaught Error: Call to undefined function app_path() in Command line code:1
Stack trace:
#0 {main}
  thrown {"exception":"[object] (Symfony\\Component\\ErrorHandler\\Error\\FatalError(code: 0): Uncaught Error: Call to undefined function app_path() in Command line code:1
Stack trace:
#0 {main}
  thrown at Command line code:1)
[stacktrace]
#0 {main}
"} 
[2021-07-05 12:59:52] local.ERROR: Uncaught Error: Call to undefined function app_path() in Command line code:1
Stack trace:
#0 {main}
  thrown {"exception":"[object] (Symfony\\Component\\ErrorHandler\\Error\\FatalError(code: 0): Uncaught Error: Call to undefined function app_path() in Command line code:1
Stack trace:
#0 {main}
  thrown at Command line code:1)
[stacktrace]
#0 {main}
"} 
[2021-07-05 13:00:52] local.ERROR: Uncaught Error: Call to undefined function app_path() in Command line code:1
Stack trace:
#0 {main}
  thrown {"exception":"[object] (Symfony\\Component\\ErrorHandler\\Error\\FatalError(code: 0): Uncaught Error: Call to undefined function app_path() in Command line code:1
Stack trace:
#0 {main}
  thrown at Command line code:1)
[stacktrace]
#0 {main}
"} 
[2021-07-05 13:01:52] local.ERROR: Uncaught Error: Call to undefined function app_path() in Command line code:1
Stack trace:
#0 {main}
  thrown {"exception":"[object] (Symfony\\Component\\ErrorHandler\\Error\\FatalError(code: 0): Uncaught Error: Call to undefined function app_path() in Command line code:1
Stack trace:
#0 {main}
  thrown at Command line code:1)
[stacktrace]
#0 {main}
"} 
[2021-07-05 13:02:53] local.ERROR: Uncaught Error: Call to undefined function app_path() in Command line code:1
Stack trace:
#0 {main}
  thrown {"exception":"[object] (Symfony\\Component\\ErrorHandler\\Error\\FatalError(code: 0): Uncaught Error: Call to undefined function app_path() in Command line code:1
Stack trace:
#0 {main}
  thrown at Command line code:1)
[stacktrace]
#0 {main}
"} 
[2021-07-05 13:03:52] local.ERROR: Uncaught Error: Call to undefined function app_path() in Command line code:1
Stack trace:
#0 {main}
  thrown {"exception":"[object] (Symfony\\Component\\ErrorHandler\\Error\\FatalError(code: 0): Uncaught Error: Call to undefined function app_path() in Command line code:1
Stack trace:
#0 {main}
  thrown at Command line code:1)
[stacktrace]
#0 {main}
"} 
[2021-07-05 13:04:54] local.ERROR: Uncaught Error: Call to undefined function app_path() in Command line code:1
Stack trace:
#0 {main}
  thrown {"exception":"[object] (Symfony\\Component\\ErrorHandler\\Error\\FatalError(code: 0): Uncaught Error: Call to undefined function app_path() in Command line code:1
Stack trace:
#0 {main}
  thrown at Command line code:1)
[stacktrace]
#0 {main}
"} 
[2021-07-05 13:05:52] local.ERROR: Uncaught Error: Call to undefined function app_path() in Command line code:1
Stack trace:
#0 {main}
  thrown {"exception":"[object] (Symfony\\Component\\ErrorHandler\\Error\\FatalError(code: 0): Uncaught Error: Call to undefined function app_path() in Command line code:1
Stack trace:
#0 {main}
  thrown at Command line code:1)
[stacktrace]
#0 {main}
"} 
[2021-07-05 13:06:52] local.ERROR: Uncaught Illuminate\Contracts\Container\BindingResolutionException: Unresolvable dependency resolving [Parameter #1 [ <required> $cachePath ]] in class Illuminate\View\Compilers\Compiler in /Applications/XAMPP/xamppfiles/htdocs/job-folder/akbar-skripsi/rest-api/vendor/illuminate/container/Container.php:1104
Stack trace:
#0 /Applications/XAMPP/xamppfiles/htdocs/job-folder/akbar-skripsi/rest-api/vendor/illuminate/container/Container.php(1011): Illuminate\Container\Container->unresolvablePrimitive(Object(ReflectionParameter))
#1 /Applications/XAMPP/xamppfiles/htdocs/job-folder/akbar-skripsi/rest-api/vendor/illuminate/container/Container.php(946): Illuminate\Container\Container->resolvePrimitive(Object(ReflectionParameter))
#2 /Applications/XAMPP/xamppfiles/htdocs/job-folder/akbar-skripsi/rest-api/vendor/illuminate/container/Container.php(908): Illuminate\Container\Container->resolveDependencies(Array)
#3 /Applications/XAMPP/xamppfiles/htdocs/job-folder/akbar-skripsi/rest-api/vendor/illuminate/container/Container {"exception":"[object] (Symfony\\Component\\ErrorHandler\\Error\\FatalError(code: 0): Uncaught Illuminate\\Contracts\\Container\\BindingResolutionException: Unresolvable dependency resolving [Parameter #1 [ <required> $cachePath ]] in class Illuminate\\View\\Compilers\\Compiler in /Applications/XAMPP/xamppfiles/htdocs/job-folder/akbar-skripsi/rest-api/vendor/illuminate/container/Container.php:1104
Stack trace:
#0 /Applications/XAMPP/xamppfiles/htdocs/job-folder/akbar-skripsi/rest-api/vendor/illuminate/container/Container.php(1011): Illuminate\\Container\\Container->unresolvablePrimitive(Object(ReflectionParameter))
#1 /Applications/XAMPP/xamppfiles/htdocs/job-folder/akbar-skripsi/rest-api/vendor/illuminate/container/Container.php(946): Illuminate\\Container\\Container->resolvePrimitive(Object(ReflectionParameter))
#2 /Applications/XAMPP/xamppfiles/htdocs/job-folder/akbar-skripsi/rest-api/vendor/illuminate/container/Container.php(908): Illuminate\\Container\\Container->resolveDependencies(Array)
#3 /Applications/XAMPP/xamppfiles/htdocs/job-folder/akbar-skripsi/rest-api/vendor/illuminate/container/Container at /Applications/XAMPP/xamppfiles/htdocs/job-folder/akbar-skripsi/rest-api/vendor/illuminate/container/Container.php:1104)
[stacktrace]
#0 {main}
"} 
[2021-07-05 13:06:52] local.ERROR: Uncaught Error: Call to undefined function app_path() in Command line code:1
Stack trace:
#0 {main}
  thrown {"exception":"[object] (Symfony\\Component\\ErrorHandler\\Error\\FatalError(code: 0): Uncaught Error: Call to undefined function app_path() in Command line code:1
Stack trace:
#0 {main}
  thrown at Command line code:1)
[stacktrace]
#0 {main}
"} 
[2021-07-05 13:07:53] local.ERROR: Uncaught Error: Call to undefined function app_path() in Command line code:1
Stack trace:
#0 {main}
  thrown {"exception":"[object] (Symfony\\Component\\ErrorHandler\\Error\\FatalError(code: 0): Uncaught Error: Call to undefined function app_path() in Command line code:1
Stack trace:
#0 {main}
  thrown at Command line code:1)
[stacktrace]
#0 {main}
"} 
[2021-07-05 13:08:53] local.ERROR: Uncaught Error: Call to undefined function app_path() in Command line code:1
Stack trace:
#0 {main}
  thrown {"exception":"[object] (Symfony\\Component\\ErrorHandler\\Error\\FatalError(code: 0): Uncaught Error: Call to undefined function app_path() in Command line code:1
Stack trace:
#0 {main}
  thrown at Command line code:1)
[stacktrace]
#0 {main}
"} 
[2021-07-05 13:09:52] local.ERROR: Uncaught Error: Call to undefined function app_path() in Command line code:1
Stack trace:
#0 {main}
  thrown {"exception":"[object] (Symfony\\Component\\ErrorHandler\\Error\\FatalError(code: 0): Uncaught Error: Call to undefined function app_path() in Command line code:1
Stack trace:
#0 {main}
  thrown at Command line code:1)
[stacktrace]
#0 {main}
"} 
[2021-07-05 13:10:52] local.ERROR: Uncaught Error: Call to undefined function app_path() in Command line code:1
Stack trace:
#0 {main}
  thrown {"exception":"[object] (Symfony\\Component\\ErrorHandler\\Error\\FatalError(code: 0): Uncaught Error: Call to undefined function app_path() in Command line code:1
Stack trace:
#0 {main}
  thrown at Command line code:1)
[stacktrace]
#0 {main}
"} 
[2021-07-05 13:11:53] local.ERROR: Uncaught Error: Call to undefined function app_path() in Command line code:1
Stack trace:
#0 {main}
  thrown {"exception":"[object] (Symfony\\Component\\ErrorHandler\\Error\\FatalError(code: 0): Uncaught Error: Call to undefined function app_path() in Command line code:1
Stack trace:
#0 {main}
  thrown at Command line code:1)
[stacktrace]
#0 {main}
"} 
[2021-07-05 13:12:52] local.ERROR: Uncaught Error: Call to undefined function app_path() in Command line code:1
Stack trace:
#0 {main}
  thrown {"exception":"[object] (Symfony\\Component\\ErrorHandler\\Error\\FatalError(code: 0): Uncaught Error: Call to undefined function app_path() in Command line code:1
Stack trace:
#0 {main}
  thrown at Command line code:1)
[stacktrace]
#0 {main}
"} 
[2021-07-05 13:13:52] local.ERROR: Uncaught Error: Call to undefined function app_path() in Command line code:1
Stack trace:
#0 {main}
  thrown {"exception":"[object] (Symfony\\Component\\ErrorHandler\\Error\\FatalError(code: 0): Uncaught Error: Call to undefined function app_path() in Command line code:1
Stack trace:
#0 {main}
  thrown at Command line code:1)
[stacktrace]
#0 {main}
"} 
[2021-07-05 13:14:52] local.ERROR: Uncaught Error: Call to undefined function app_path() in Command line code:1
Stack trace:
#0 {main}
  thrown {"exception":"[object] (Symfony\\Component\\ErrorHandler\\Error\\FatalError(code: 0): Uncaught Error: Call to undefined function app_path() in Command line code:1
Stack trace:
#0 {main}
  thrown at Command line code:1)
[stacktrace]
#0 {main}
"} 
[2021-07-05 13:15:53] local.ERROR: Uncaught Error: Call to undefined function app_path() in Command line code:1
Stack trace:
#0 {main}
  thrown {"exception":"[object] (Symfony\\Component\\ErrorHandler\\Error\\FatalError(code: 0): Uncaught Error: Call to undefined function app_path() in Command line code:1
Stack trace:
#0 {main}
  thrown at Command line code:1)
[stacktrace]
#0 {main}
"} 
[2021-07-05 13:16:52] local.ERROR: Uncaught Illuminate\Contracts\Container\BindingResolutionException: Unresolvable dependency resolving [Parameter #1 [ <required> $cachePath ]] in class Illuminate\View\Compilers\Compiler in /Applications/XAMPP/xamppfiles/htdocs/job-folder/akbar-skripsi/rest-api/vendor/illuminate/container/Container.php:1104
Stack trace:
#0 /Applications/XAMPP/xamppfiles/htdocs/job-folder/akbar-skripsi/rest-api/vendor/illuminate/container/Container.php(1011): Illuminate\Container\Container->unresolvablePrimitive(Object(ReflectionParameter))
#1 /Applications/XAMPP/xamppfiles/htdocs/job-folder/akbar-skripsi/rest-api/vendor/illuminate/container/Container.php(946): Illuminate\Container\Container->resolvePrimitive(Object(ReflectionParameter))
#2 /Applications/XAMPP/xamppfiles/htdocs/job-folder/akbar-skripsi/rest-api/vendor/illuminate/container/Container.php(908): Illuminate\Container\Container->resolveDependencies(Array)
#3 /Applications/XAMPP/xamppfiles/htdocs/job-folder/akbar-skripsi/rest-api/vendor/illuminate/container/Container {"exception":"[object] (Symfony\\Component\\ErrorHandler\\Error\\FatalError(code: 0): Uncaught Illuminate\\Contracts\\Container\\BindingResolutionException: Unresolvable dependency resolving [Parameter #1 [ <required> $cachePath ]] in class Illuminate\\View\\Compilers\\Compiler in /Applications/XAMPP/xamppfiles/htdocs/job-folder/akbar-skripsi/rest-api/vendor/illuminate/container/Container.php:1104
Stack trace:
#0 /Applications/XAMPP/xamppfiles/htdocs/job-folder/akbar-skripsi/rest-api/vendor/illuminate/container/Container.php(1011): Illuminate\\Container\\Container->unresolvablePrimitive(Object(ReflectionParameter))
#1 /Applications/XAMPP/xamppfiles/htdocs/job-folder/akbar-skripsi/rest-api/vendor/illuminate/container/Container.php(946): Illuminate\\Container\\Container->resolvePrimitive(Object(ReflectionParameter))
#2 /Applications/XAMPP/xamppfiles/htdocs/job-folder/akbar-skripsi/rest-api/vendor/illuminate/container/Container.php(908): Illuminate\\Container\\Container->resolveDependencies(Array)
#3 /Applications/XAMPP/xamppfiles/htdocs/job-folder/akbar-skripsi/rest-api/vendor/illuminate/container/Container at /Applications/XAMPP/xamppfiles/htdocs/job-folder/akbar-skripsi/rest-api/vendor/illuminate/container/Container.php:1104)
[stacktrace]
#0 {main}
"} 
[2021-07-05 13:16:52] local.ERROR: Uncaught Error: Call to undefined function app_path() in Command line code:1
Stack trace:
#0 {main}
  thrown {"exception":"[object] (Symfony\\Component\\ErrorHandler\\Error\\FatalError(code: 0): Uncaught Error: Call to undefined function app_path() in Command line code:1
Stack trace:
#0 {main}
  thrown at Command line code:1)
[stacktrace]
#0 {main}
"} 
[2021-07-05 13:17:52] local.ERROR: Uncaught Error: Call to undefined function app_path() in Command line code:1
Stack trace:
#0 {main}
  thrown {"exception":"[object] (Symfony\\Component\\ErrorHandler\\Error\\FatalError(code: 0): Uncaught Error: Call to undefined function app_path() in Command line code:1
Stack trace:
#0 {main}
  thrown at Command line code:1)
[stacktrace]
#0 {main}
"} 
[2021-07-05 13:18:52] local.ERROR: Uncaught Error: Call to undefined function app_path() in Command line code:1
Stack trace:
#0 {main}
  thrown {"exception":"[object] (Symfony\\Component\\ErrorHandler\\Error\\FatalError(code: 0): Uncaught Error: Call to undefined function app_path() in Command line code:1
Stack trace:
#0 {main}
  thrown at Command line code:1)
[stacktrace]
#0 {main}
"} 
[2021-07-05 13:19:54] local.ERROR: Uncaught Error: Call to undefined function app_path() in Command line code:1
Stack trace:
#0 {main}
  thrown {"exception":"[object] (Symfony\\Component\\ErrorHandler\\Error\\FatalError(code: 0): Uncaught Error: Call to undefined function app_path() in Command line code:1
Stack trace:
#0 {main}
  thrown at Command line code:1)
[stacktrace]
#0 {main}
"} 
[2021-07-05 13:21:48] local.ERROR: Uncaught Error: Call to a member function getRoutes() on array in Command line code:1
Stack trace:
#0 {main}
  thrown {"exception":"[object] (Symfony\\Component\\ErrorHandler\\Error\\FatalError(code: 0): Uncaught Error: Call to a member function getRoutes() on array in Command line code:1
Stack trace:
#0 {main}
  thrown at Command line code:1)
[stacktrace]
#0 {main}
"} 
[2021-07-05 13:21:52] local.ERROR: Uncaught Error: Call to undefined function app_path() in Command line code:1
Stack trace:
#0 {main}
  thrown {"exception":"[object] (Symfony\\Component\\ErrorHandler\\Error\\FatalError(code: 0): Uncaught Error: Call to undefined function app_path() in Command line code:1
Stack trace:
#0 {main}
  thrown at Command line code:1)
[stacktrace]
#0 {main}
"} 
